::1 - - [31/Mar/2022:19:25:19 +0000] "GET / HTTP/1.1" 200 4670 "-" "Mozilla/5.0 (Windows NT 10.0; Win64; x64) AppleWebKit/537.36 (KHTML, like Gecko) Chrome/99.0.4844.84 Safari/537.36"
::1 - - [31/Mar/2022:19:26:04 +0000] "GET /users/profile HTTP/1.1" 404 152 "http://localhost:8000/" "Mozilla/5.0 (Windows NT 10.0; Win64; x64) AppleWebKit/537.36 (KHTML, like Gecko) Chrome/99.0.4844.84 Safari/537.36"
::1 - - [31/Mar/2022:19:26:09 +0000] "GET /users/profile/6245717714e59cef8b17d16b HTTP/1.1" 200 2030 "http://localhost:8000/" "Mozilla/5.0 (Windows NT 10.0; Win64; x64) AppleWebKit/537.36 (KHTML, like Gecko) Chrome/99.0.4844.84 Safari/537.36"
::1 - - [31/Mar/2022:19:27:11 +0000] "GET /users/sign-out HTTP/1.1" 302 46 "http://localhost:8000/users/profile/6245717714e59cef8b17d16b" "Mozilla/5.0 (Windows NT 10.0; Win64; x64) AppleWebKit/537.36 (KHTML, like Gecko) Chrome/99.0.4844.84 Safari/537.36"
::1 - - [31/Mar/2022:19:27:11 +0000] "GET / HTTP/1.1" 200 3192 "http://localhost:8000/users/profile/6245717714e59cef8b17d16b" "Mozilla/5.0 (Windows NT 10.0; Win64; x64) AppleWebKit/537.36 (KHTML, like Gecko) Chrome/99.0.4844.84 Safari/537.36"
::1 - - [31/Mar/2022:19:27:14 +0000] "GET /users/sign-in HTTP/1.1" 304 - "http://localhost:8000/" "Mozilla/5.0 (Windows NT 10.0; Win64; x64) AppleWebKit/537.36 (KHTML, like Gecko) Chrome/99.0.4844.84 Safari/537.36"
::1 - - [31/Mar/2022:19:27:26 +0000] "POST /users/create-session HTTP/1.1" 302 46 "http://localhost:8000/users/sign-in" "Mozilla/5.0 (Windows NT 10.0; Win64; x64) AppleWebKit/537.36 (KHTML, like Gecko) Chrome/99.0.4844.84 Safari/537.36"
::1 - - [31/Mar/2022:19:27:26 +0000] "GET / HTTP/1.1" 200 4913 "http://localhost:8000/users/sign-in" "Mozilla/5.0 (Windows NT 10.0; Win64; x64) AppleWebKit/537.36 (KHTML, like Gecko) Chrome/99.0.4844.84 Safari/537.36"
[0mGET / [32m200[0m 59.289 ms - 4128[0m
[0mGET /favicon.ico [33m404[0m 5.802 ms - 150[0m
[0mGET /users/sign-in [36m304[0m 7.087 ms - -[0m
[0mPOST /users/create-session [36m302[0m 6.494 ms - 72[0m
[0mGET /users/sign-in [32m200[0m 2.827 ms - 1948[0m
[0mPOST /users/create-session [36m302[0m 5.336 ms - 46[0m
[0mGET / [32m200[0m 15.839 ms - 6969[0m
[0mGET / [32m200[0m 54.155 ms - 6726[0m
[0mGET / [36m304[0m 22.065 ms - -[0m
[0mGET / [36m304[0m 51.234 ms - -[0m
[0mGET / [36m304[0m 25.712 ms - -[0m
[0mGET / [36m304[0m 22.416 ms - -[0m
[0mGET / [36m304[0m 20.989 ms - -[0m
[0mGET / [36m304[0m 22.790 ms - -[0m
[0mGET / [36m304[0m 49.676 ms - -[0m
[0mGET / [36m304[0m 20.653 ms - -[0m
[0mGET / [36m304[0m 21.748 ms - -[0m
[0mGET / [36m304[0m 23.079 ms - -[0m
[0mGET / [32m200[0m 52.034 ms - 4128[0m
[0mGET /favicon.ico [33m404[0m 6.063 ms - 150[0m
[0mGET /users/sign-in [32m200[0m 7.586 ms - 1704[0m
[0mPOST /users/create-session [36m302[0m 9.371 ms - 46[0m
[0mGET / [32m200[0m 22.291 ms - 6969[0m
[0mGET /users/sign-out [36m302[0m 8.675 ms - 46[0m
[0mGET / [32m200[0m 17.170 ms - 4368[0m
[0mGET / [32m200[0m 41.722 ms - 4128[0m
[0mGET / [36m304[0m 27.636 ms - -[0m
[0mGET / [36m304[0m 14.350 ms - -[0m
[0mGET /users/sign-in [36m304[0m 4.333 ms - -[0m
[0mPOST /users/create-session [36m302[0m 7.756 ms - 72[0m
[0mGET /users/sign-in [32m200[0m 2.672 ms - 1948[0m
[0mPOST /users/create-session [36m302[0m 7.917 ms - 72[0m
[0mGET /users/sign-in [36m304[0m 2.582 ms - -[0m
[0mPOST /users/create-session [36m302[0m 10.723 ms - 72[0m
[0mGET /users/sign-in [36m304[0m 3.549 ms - -[0m
[0mGET /users/sign-in [32m200[0m 16.885 ms - 1704[0m
[0mGET / [36m304[0m 33.617 ms - -[0m
[0mGET / [36m304[0m 104.850 ms - -[0m
[0mGET /users/sign-in [36m304[0m 13.159 ms - -[0m
[0mPOST /users/create-session [36m302[0m 12.506 ms - 46[0m
[0mGET / [32m200[0m 25.377 ms - 6969[0m
[0mGET /users/sign-out [36m302[0m 14.033 ms - 46[0m
[0mGET / [32m200[0m 37.960 ms - 4368[0m
[0mGET /users/sign-in [36m304[0m 23.870 ms - -[0m
[0mPOST /users/create-session [36m302[0m 10.489 ms - 46[0m
[0mGET / [32m200[0m 49.775 ms - 6969[0m
[0mPOST /posts/create [32m200[0m 25.965 ms - 263[0m
[0mPOST /comments/create [32m200[0m 31.531 ms - 315[0m
[0mGET /comments/destroy/6247ed5b3c4e7d2870b7186a [32m200[0m 23.791 ms - 75[0m
[0mPOST /likes/toggle/?id=%3C%=post._id%%3E&type=post [31m500[0m 22.513 ms - 35[0m
[0mPOST /likes/toggle/?id=%3C%=post._id%%3E&type=post [31m500[0m 17.359 ms - 35[0m
[0mPOST /likes/toggle/?id=%3C%=post._id%%3E&type=post [31m500[0m 16.717 ms - 35[0m
[0mPOST /likes/toggle/?id=%3C%=post._id%%3E&type=post [31m500[0m 15.914 ms - 35[0m
[0mGET /users/sign-out [36m302[0m 6.908 ms - 46[0m
[0mGET / [32m200[0m 17.211 ms - 4893[0m
[0mGET /users/sign-in [36m304[0m 5.053 ms - -[0m
[0mPOST /users/create-session [36m302[0m 5.283 ms - 46[0m
[0mGET / [32m200[0m 19.100 ms - 8317[0m
[0mPOST /likes/toggle/?id=6247ed573c4e7d2870b71865&type=Post [32m200[0m 12.351 ms - 60[0m
[0mPOST /likes/toggle/?id=6247ed573c4e7d2870b71865&type=Post [32m200[0m 11.545 ms - 59[0m
[0mPOST /likes/toggle/?id=6247ed573c4e7d2870b71865&type=Post [32m200[0m 11.252 ms - 60[0m
[0mPOST /likes/toggle/?id=6247ed573c4e7d2870b71865&type=Post [32m200[0m 9.959 ms - 59[0m
[0mPOST /likes/toggle/?id=6244b4340ad259726fa84c85&type=Post [32m200[0m 10.321 ms - 60[0m
[0mPOST /likes/toggle/?id=6244b4340ad259726fa84c85&type=Post [32m200[0m 8.427 ms - 59[0m
[0mPOST /likes/toggle/?id=6244b43d0ad259726fa84c8a&type=Comment [32m200[0m 13.577 ms - 60[0m
[0mPOST /likes/toggle/?id=6244b43d0ad259726fa84c8a&type=Comment [32m200[0m 9.630 ms - 59[0m
[0mPOST /likes/toggle/?id=621f5cb203ca27f78dd06a04&type=Post [32m200[0m 9.343 ms - 60[0m
[0mPOST /likes/toggle/?id=621f5cb203ca27f78dd06a04&type=Post [32m200[0m 9.059 ms - 59[0m
[0mPOST /comments/create [32m200[0m 15.547 ms - 314[0m
[0mPOST /likes/toggle/?id=%3C%=comment._id%%3E&type=comment [31m500[0m 8.384 ms - 35[0m
[0mPOST /likes/toggle/?id=%3C%=comment._id%%3E&type=comment [31m500[0m 8.295 ms - 35[0m
[0mPOST /likes/toggle/?id=%3C%=comment._id%%3E&type=comment [31m500[0m 8.355 ms - 35[0m
[0mPOST /likes/toggle/?id=%3C%=comment._id%%3E&type=comment [31m500[0m 7.671 ms - 35[0m
[0mPOST /likes/toggle/?id=%3C%=comment._id%%3E&type=comment [31m500[0m 7.639 ms - 35[0m
[0mPOST /likes/toggle/?id=%3C%=comment._id%%3E&type=comment [31m500[0m 7.292 ms - 35[0m
[0mPOST /likes/toggle/?id=6244b43d0ad259726fa84c8a&type=Comment [32m200[0m 12.045 ms - 60[0m
[0mPOST /likes/toggle/?id=6244b43d0ad259726fa84c8a&type=Comment [32m200[0m 14.008 ms - 59[0m
[0mPOST /likes/toggle/?id=%3C%=comment._id%%3E&type=comment [31m500[0m 7.907 ms - 35[0m
[0mPOST /likes/toggle/?id=%3C%=comment._id%%3E&type=comment [31m500[0m 8.738 ms - 35[0m
[0mGET /comments/destroy/624813e43c4e7d2870b718ca [32m200[0m 6.818 ms - 75[0m
[0mPOST /comments/create [32m200[0m 12.682 ms - 314[0m
[0mPOST /likes/toggle/?id=%3C%=comment._id%%3E&type=comment [31m500[0m 8.667 ms - 35[0m
[0mGET /comments/destroy/624813f53c4e7d2870b718ea [32m200[0m 7.149 ms - 75[0m
[0mPOST /comments/create [32m200[0m 11.665 ms - 314[0m
[0mPOST /likes/toggle/?id=%3C%=comment._id%%3E&type=comment [31m500[0m 8.448 ms - 35[0m
[0mPOST /likes/toggle/?id=%3C%=comment._id%%3E&type=comment [31m500[0m 9.575 ms - 35[0m
[0mPOST /likes/toggle/?id=6244b43d0ad259726fa84c8a&type=Comment [32m200[0m 9.667 ms - 60[0m
[0mPOST /likes/toggle/?id=6244b43d0ad259726fa84c8a&type=Comment [32m200[0m 9.883 ms - 59[0m
[0mPOST /likes/toggle/?id=621f5cb203ca27f78dd06a04&type=Post [32m200[0m 7.994 ms - 60[0m
[0mPOST /likes/toggle/?id=621f5cb203ca27f78dd06a04&type=Post [32m200[0m 12.461 ms - 59[0m
[0mPOST /comments/create [32m200[0m 10.305 ms - 314[0m
[0mPOST /likes/toggle/?id=%3C%=comment._id%%3E&type=comment [31m500[0m 10.442 ms - 35[0m
[0mPOST /likes/toggle/?id=%3C%=comment._id%%3E&type=comment [31m500[0m 9.228 ms - 35[0m
[0mPOST /likes/toggle/?id=%3C%=comment._id%%3E&type=comment [31m500[0m 7.957 ms - 35[0m
[0mPOST /likes/toggle/?id=%3C%=comment._id%%3E&type=comment [31m500[0m 8.748 ms - 35[0m
[0mPOST /likes/toggle/?id=%3C%=comment._id%%3E&type=comment [31m500[0m 8.720 ms - 35[0m
[0mPOST /likes/toggle/?id=%3C%=comment._id%%3E&type=comment [31m500[0m 8.707 ms - 35[0m
[0mPOST /likes/toggle/?id=%3C%=comment._id%%3E&type=comment [31m500[0m 9.566 ms - 35[0m
[0mPOST /likes/toggle/?id=%3C%=comment._id%%3E&type=comment [31m500[0m 8.127 ms - 35[0m
[0mPOST /likes/toggle/?id=%3C%=comment._id%%3E&type=comment [31m500[0m 8.786 ms - 35[0m
[0mPOST /likes/toggle/?id=6244b43d0ad259726fa84c8a&type=Comment [32m200[0m 9.792 ms - 60[0m
[0mPOST /likes/toggle/?id=6244b43d0ad259726fa84c8a&type=Comment [32m200[0m 11.068 ms - 59[0m
[0mPOST /likes/toggle/?id=6244b43d0ad259726fa84c8a&type=Comment [32m200[0m 11.590 ms - 60[0m
[0mPOST /likes/toggle/?id=6244b43d0ad259726fa84c8a&type=Comment [32m200[0m 11.342 ms - 59[0m
[0mPOST /likes/toggle/?id=%3C%=comment._id%%3E&type=comment [31m500[0m 8.847 ms - 35[0m
[0mPOST /likes/toggle/?id=%3C%=comment._id%%3E&type=comment [31m500[0m 7.519 ms - 35[0m
[0mPOST /likes/toggle/?id=%3C%=comment._id%%3E&type=comment [31m500[0m 8.207 ms - 35[0m
[0mPOST /likes/toggle/?id=6247ed573c4e7d2870b71865&type=Post [32m200[0m 9.531 ms - 60[0m
[0mPOST /likes/toggle/?id=6247ed573c4e7d2870b71865&type=Post [32m200[0m 9.889 ms - 59[0m
[0mPOST /likes/toggle/?id=6247ed573c4e7d2870b71865&type=Post [32m200[0m 9.108 ms - 60[0m
[0mPOST /likes/toggle/?id=6247ed573c4e7d2870b71865&type=Post [32m200[0m 6.821 ms - 59[0m
[0mPOST /likes/toggle/?id=%3C%=comment._id%%3E&type=comment [31m500[0m 8.957 ms - 35[0m
[0mPOST /likes/toggle/?id=%3C%=comment._id%%3E&type=comment [31m500[0m 8.106 ms - 35[0m
[0mPOST /likes/toggle/?id=%3C%=comment._id%%3E&type=comment [31m500[0m 8.334 ms - 35[0m
[0mPOST /likes/toggle/?id=621f5cb203ca27f78dd06a04&type=Post [32m200[0m 9.812 ms - 60[0m
[0mPOST /likes/toggle/?id=621f5cb203ca27f78dd06a04&type=Post [32m200[0m 8.604 ms - 59[0m
[0mPOST /likes/toggle/?id=%3C%=comment._id%%3E&type=comment [31m500[0m 8.218 ms - 35[0m
[0mPOST /likes/toggle/?id=%3C%=comment._id%%3E&type=comment [31m500[0m 9.018 ms - 35[0m
[0mPOST /likes/toggle/?id=%3C%=comment._id%%3E&type=comment [31m500[0m 7.682 ms - 35[0m
[0mPOST /likes/toggle/?id=%3C%=comment._id%%3E&type=comment [31m500[0m 9.201 ms - 35[0m
[0mPOST /likes/toggle/?id=%3C%=comment._id%%3E&type=comment [31m500[0m 8.428 ms - 35[0m
[0mPOST /likes/toggle/?id=%3C%=comment._id%%3E&type=comment [31m500[0m 6.974 ms - 35[0m
[0mPOST /likes/toggle/?id=6244b43d0ad259726fa84c8a&type=Comment [32m200[0m 8.523 ms - 60[0m
[0mPOST /likes/toggle/?id=6244b43d0ad259726fa84c8a&type=Comment [32m200[0m 9.924 ms - 59[0m
[0mPOST /likes/toggle/?id=6244b4340ad259726fa84c85&type=Post [32m200[0m 9.147 ms - 60[0m
[0mPOST /likes/toggle/?id=6244b4340ad259726fa84c85&type=Post [32m200[0m 8.433 ms - 59[0m
[0mPOST /likes/toggle/?id=%3C%=comment._id%%3E&type=comment [31m500[0m 8.432 ms - 35[0m
[0mPOST /likes/toggle/?id=%3C%=comment._id%%3E&type=comment [31m500[0m 8.962 ms - 35[0m
[0mPOST /likes/toggle/?id=%3C%=comment._id%%3E&type=comment [31m500[0m 12.735 ms - 35[0m
[0mGET / [32m200[0m 50.257 ms - 5573[0m
[0mGET /users/sign-in [36m304[0m 9.698 ms - -[0m
[0mPOST /users/create-session [36m302[0m 9.530 ms - 46[0m
[0mGET / [32m200[0m 28.223 ms - 9627[0m
[0mPOST /likes/toggle/?id=624813fa3c4e7d2870b718f5&type=Comment [32m200[0m 18.997 ms - 60[0m
[0mPOST /likes/toggle/?id=624813fa3c4e7d2870b718f5&type=Comment [32m200[0m 22.742 ms - 59[0m
[0mPOST /likes/toggle/?id=624813fa3c4e7d2870b718f5&type=Comment [32m200[0m 36.635 ms - 60[0m
[0mPOST /likes/toggle/?id=624813fa3c4e7d2870b718f5&type=Comment [32m200[0m 20.190 ms - 59[0m
[0mPOST /likes/toggle/?id=624813fa3c4e7d2870b718f5&type=Comment [32m200[0m 32.623 ms - 60[0m
[0mPOST /likes/toggle/?id=624813fa3c4e7d2870b718f5&type=Comment [32m200[0m 19.588 ms - 59[0m
[0mPOST /likes/toggle/?id=6244b43d0ad259726fa84c8a&type=Comment [32m200[0m 20.393 ms - 60[0m
[0mPOST /likes/toggle/?id=6244b43d0ad259726fa84c8a&type=Comment [32m200[0m 20.685 ms - 59[0m
[0mPOST /likes/toggle/?id=6248140e3c4e7d2870b71919&type=Comment [32m200[0m 18.756 ms - 60[0m
[0mPOST /likes/toggle/?id=6248140e3c4e7d2870b71919&type=Comment [32m200[0m 19.595 ms - 59[0m
[0mGET /posts/destroy/6247ed573c4e7d2870b71865 [32m200[0m 21.223 ms - 72[0m
[0mPOST /posts/create [32m200[0m 13.803 ms - 263[0m
[0mPOST /comments/create [32m200[0m 22.328 ms - 319[0m
[0mGET /comments/destroy/6248376c3c4e7d2870b719f2 [32m200[0m 14.802 ms - 75[0m
[0mPOST /comments/create [32m200[0m 20.214 ms - 319[0m
[0mGET / [32m200[0m 37.397 ms - 9389[0m
[0mGET / [32m200[0m 93.623 ms - 9709[0m
[0mGET /comments/destroy/624837773c4e7d2870b719fd [32m200[0m 38.641 ms - 75[0m
[0mPOST /comments/create [32m200[0m 36.223 ms - 317[0m
[0mGET / [32m200[0m 56.100 ms - 9707[0m
[0mPOST /comments/create [32m200[0m 29.448 ms - 315[0m
[0mGET / [32m200[0m 60.270 ms - 10523[0m
[0mGET /comments/destroy/62483b36c8bf88386e819327 [32m200[0m 20.144 ms - 75[0m
[0mGET / [32m200[0m 44.714 ms - 9707[0m
[0mPOST /comments/create [32m200[0m 28.445 ms - 315[0m
[0mGET / [32m200[0m 43.096 ms - 10523[0m
[0mGET /comments/destroy/62483d59c8bf88386e81933b [32m200[0m 21.824 ms - 75[0m
[0mGET / [32m200[0m 39.187 ms - 9707[0m
[0mPOST /comments/create [32m200[0m 26.598 ms - 315[0m
[0mGET / [32m200[0m 47.433 ms - 10523[0m
[0mGET / [32m200[0m 48.568 ms - 6037[0m
[0mGET /favicon.ico [33m404[0m 4.875 ms - 150[0m
[0mGET /users/sign-in [36m304[0m 15.218 ms - -[0m
[0mPOST /users/create-session [36m302[0m 9.077 ms - 46[0m
[0mGET / [32m200[0m 28.203 ms - 10766[0m
[0mGET / [32m200[0m 29.625 ms - 10523[0m
[0mPOST /comments/create [32m200[0m 27.340 ms - 315[0m
[0mGET / [32m200[0m 39.428 ms - 11339[0m
[0mGET /comments/destroy/62492516a998d36b53b0bfaf [32m200[0m 21.087 ms - 75[0m
[0mGET / [32m200[0m 43.622 ms - 10591[0m
[0mGET / [36m304[0m 39.269 ms - -[0m
[0mPOST /comments/create [32m200[0m 14.571 ms - 315[0m
[0mGET / [32m200[0m 52.096 ms - 11424[0m
[0mGET /comments/destroy/6249254ca998d36b53b0bfc8 [32m200[0m 12.510 ms - 75[0m
[0mGET / [32m200[0m 40.575 ms - 10523[0m
[0mPOST /comments/create [32m200[0m 19.367 ms - 314[0m
[0mGET /comments/destroy/6249256fa998d36b53b0bfdc [32m200[0m 14.822 ms - 75[0m
[0mGET / [36m304[0m 55.843 ms - -[0m
[0mGET / [32m200[0m 52.977 ms - 6037[0m
[0mGET / [36m304[0m 70.335 ms - -[0m
[0mGET /users/sign-in [36m304[0m 10.484 ms - -[0m
[0mPOST /users/create-session [36m302[0m 8.326 ms - 46[0m
[0mGET / [32m200[0m 30.011 ms - 10766[0m
[0mPOST /comments/create [32m200[0m 30.501 ms - 314[0m
[0mGET /comments/destroy/6249513982db3904aa2f7ec6 [32m200[0m 12.519 ms - 75[0m
[0mGET / [32m200[0m 53.145 ms - 10523[0m
[0mGET /users/sign-in [36m302[0m 7.425 ms - 72[0m
[0mGET /users/profile [33m404[0m 5.608 ms - 152[0m
[0mGET /users/profile [33m404[0m 5.493 ms - 152[0m
[0mGET / [36m304[0m 22.863 ms - -[0m
[0mGET / [36m304[0m 52.482 ms - -[0m
[0mGET / [36m304[0m 23.812 ms - -[0m
[0mGET / [32m200[0m 80.949 ms - 6037[0m
[0mGET /users/sign-in [32m200[0m 16.876 ms - 1704[0m
[0mPOST /users/create-session [36m302[0m 15.076 ms - 72[0m
[0mGET /users/sign-in [32m200[0m 4.761 ms - 1948[0m
::1 - - [04/Apr/2022:06:52:34 +0000] "GET / HTTP/1.1" 200 2952 "-" "Mozilla/5.0 (Windows NT 10.0; Win64; x64) AppleWebKit/537.36 (KHTML, like Gecko) Chrome/99.0.4844.84 Safari/537.36"
::1 - - [04/Apr/2022:06:52:34 +0000] "GET /favicon.ico HTTP/1.1" 404 150 "http://localhost:8000/" "Mozilla/5.0 (Windows NT 10.0; Win64; x64) AppleWebKit/537.36 (KHTML, like Gecko) Chrome/99.0.4844.84 Safari/537.36"
::1 - - [04/Apr/2022:06:52:40 +0000] "GET /users/sign-in HTTP/1.1" 200 1704 "http://localhost:8000/" "Mozilla/5.0 (Windows NT 10.0; Win64; x64) AppleWebKit/537.36 (KHTML, like Gecko) Chrome/99.0.4844.84 Safari/537.36"
::1 - - [04/Apr/2022:06:52:54 +0000] "POST /users/create-session HTTP/1.1" 302 46 "http://localhost:8000/users/sign-in" "Mozilla/5.0 (Windows NT 10.0; Win64; x64) AppleWebKit/537.36 (KHTML, like Gecko) Chrome/99.0.4844.84 Safari/537.36"
::1 - - [04/Apr/2022:06:52:54 +0000] "GET / HTTP/1.1" 200 4913 "http://localhost:8000/users/sign-in" "Mozilla/5.0 (Windows NT 10.0; Win64; x64) AppleWebKit/537.36 (KHTML, like Gecko) Chrome/99.0.4844.84 Safari/537.36"
::1 - - [04/Apr/2022:06:55:00 +0000] "GET / HTTP/1.1" 200 4670 "-" "Mozilla/5.0 (Windows NT 10.0; Win64; x64) AppleWebKit/537.36 (KHTML, like Gecko) Chrome/99.0.4844.84 Safari/537.36"
::1 - - [04/Apr/2022:06:55:50 +0000] "GET / HTTP/1.1" 304 - "-" "Mozilla/5.0 (Windows NT 10.0; Win64; x64) AppleWebKit/537.36 (KHTML, like Gecko) Chrome/99.0.4844.84 Safari/537.36"
::1 - - [04/Apr/2022:06:55:54 +0000] "POST /comments/create HTTP/1.1" 200 314 "http://localhost:8000/" "Mozilla/5.0 (Windows NT 10.0; Win64; x64) AppleWebKit/537.36 (KHTML, like Gecko) Chrome/99.0.4844.84 Safari/537.36"
::1 - - [04/Apr/2022:06:55:56 +0000] "GET / HTTP/1.1" 200 5485 "-" "Mozilla/5.0 (Windows NT 10.0; Win64; x64) AppleWebKit/537.36 (KHTML, like Gecko) Chrome/99.0.4844.84 Safari/537.36"
::1 - - [04/Apr/2022:06:55:58 +0000] "GET /comments/destroy/624a967a9ae41038c28e7479 HTTP/1.1" 200 75 "http://localhost:8000/" "Mozilla/5.0 (Windows NT 10.0; Win64; x64) AppleWebKit/537.36 (KHTML, like Gecko) Chrome/99.0.4844.84 Safari/537.36"
::1 - - [04/Apr/2022:07:09:07 +0000] "GET / HTTP/1.1" 200 4670 "-" "Mozilla/5.0 (Windows NT 10.0; Win64; x64) AppleWebKit/537.36 (KHTML, like Gecko) Chrome/99.0.4844.84 Safari/537.36"
::1 - - [04/Apr/2022:07:09:09 +0000] "GET / HTTP/1.1" 304 - "-" "Mozilla/5.0 (Windows NT 10.0; Win64; x64) AppleWebKit/537.36 (KHTML, like Gecko) Chrome/99.0.4844.84 Safari/537.36"
::1 - - [04/Apr/2022:07:09:09 +0000] "GET / HTTP/1.1" 304 - "-" "Mozilla/5.0 (Windows NT 10.0; Win64; x64) AppleWebKit/537.36 (KHTML, like Gecko) Chrome/99.0.4844.84 Safari/537.36"
::1 - - [04/Apr/2022:07:10:01 +0000] "GET / HTTP/1.1" 304 - "-" "Mozilla/5.0 (Windows NT 10.0; Win64; x64) AppleWebKit/537.36 (KHTML, like Gecko) Chrome/99.0.4844.84 Safari/537.36"
::1 - - [04/Apr/2022:07:10:26 +0000] "GET / HTTP/1.1" 304 - "-" "Mozilla/5.0 (Windows NT 10.0; Win64; x64) AppleWebKit/537.36 (KHTML, like Gecko) Chrome/99.0.4844.84 Safari/537.36"
::1 - - [04/Apr/2022:07:10:27 +0000] "GET / HTTP/1.1" 304 - "-" "Mozilla/5.0 (Windows NT 10.0; Win64; x64) AppleWebKit/537.36 (KHTML, like Gecko) Chrome/99.0.4844.84 Safari/537.36"
::1 - - [04/Apr/2022:07:10:36 +0000] "GET /users/sign-out HTTP/1.1" 302 46 "http://localhost:8000/" "Mozilla/5.0 (Windows NT 10.0; Win64; x64) AppleWebKit/537.36 (KHTML, like Gecko) Chrome/99.0.4844.84 Safari/537.36"
::1 - - [04/Apr/2022:07:10:36 +0000] "GET / HTTP/1.1" 200 3192 "http://localhost:8000/" "Mozilla/5.0 (Windows NT 10.0; Win64; x64) AppleWebKit/537.36 (KHTML, like Gecko) Chrome/99.0.4844.84 Safari/537.36"
::1 - - [04/Apr/2022:07:10:43 +0000] "GET / HTTP/1.1" 200 2952 "-" "Mozilla/5.0 (Windows NT 10.0; Win64; x64) AppleWebKit/537.36 (KHTML, like Gecko) Chrome/99.0.4844.84 Safari/537.36"
::1 - - [04/Apr/2022:07:10:49 +0000] "GET /users/sign-in HTTP/1.1" 304 - "http://localhost:8000/" "Mozilla/5.0 (Windows NT 10.0; Win64; x64) AppleWebKit/537.36 (KHTML, like Gecko) Chrome/99.0.4844.84 Safari/537.36"
::1 - - [04/Apr/2022:07:11:05 +0000] "POST /users/create-session HTTP/1.1" 302 72 "http://localhost:8000/users/sign-in" "Mozilla/5.0 (Windows NT 10.0; Win64; x64) AppleWebKit/537.36 (KHTML, like Gecko) Chrome/99.0.4844.84 Safari/537.36"
::1 - - [04/Apr/2022:07:11:05 +0000] "GET /users/sign-in HTTP/1.1" 200 1948 "http://localhost:8000/users/sign-in" "Mozilla/5.0 (Windows NT 10.0; Win64; x64) AppleWebKit/537.36 (KHTML, like Gecko) Chrome/99.0.4844.84 Safari/537.36"
::1 - - [04/Apr/2022:07:11:08 +0000] "GET /users/auth/google HTTP/1.1" 302 0 "http://localhost:8000/users/sign-in" "Mozilla/5.0 (Windows NT 10.0; Win64; x64) AppleWebKit/537.36 (KHTML, like Gecko) Chrome/99.0.4844.84 Safari/537.36"
::1 - - [04/Apr/2022:07:11:10 +0000] "GET /users/auth/google/callback?code=4%2F0AX4XfWhHwWhYodXBcUUAI-bb1S888SQJlnaMJLiIq4m60xtYscCDqVqeMsCg8nzO4TRdIQ&scope=email+profile+openid+https%3A%2F%2Fwww.googleapis.com%2Fauth%2Fuserinfo.profile+https%3A%2F%2Fwww.googleapis.com%2Fauth%2Fuserinfo.email&authuser=0&prompt=none HTTP/1.1" 302 46 "http://localhost:8000/" "Mozilla/5.0 (Windows NT 10.0; Win64; x64) AppleWebKit/537.36 (KHTML, like Gecko) Chrome/99.0.4844.84 Safari/537.36"
::1 - - [04/Apr/2022:07:11:10 +0000] "GET / HTTP/1.1" 200 4913 "http://localhost:8000/" "Mozilla/5.0 (Windows NT 10.0; Win64; x64) AppleWebKit/537.36 (KHTML, like Gecko) Chrome/99.0.4844.84 Safari/537.36"
::1 - - [04/Apr/2022:07:11:17 +0000] "GET /users/sign-out HTTP/1.1" 302 46 "http://localhost:8000/" "Mozilla/5.0 (Windows NT 10.0; Win64; x64) AppleWebKit/537.36 (KHTML, like Gecko) Chrome/99.0.4844.84 Safari/537.36"
::1 - - [04/Apr/2022:07:11:17 +0000] "GET / HTTP/1.1" 200 3192 "http://localhost:8000/" "Mozilla/5.0 (Windows NT 10.0; Win64; x64) AppleWebKit/537.36 (KHTML, like Gecko) Chrome/99.0.4844.84 Safari/537.36"
::1 - - [04/Apr/2022:07:11:26 +0000] "GET /users/sign-in HTTP/1.1" 200 1704 "http://localhost:8000/" "Mozilla/5.0 (Windows NT 10.0; Win64; x64) AppleWebKit/537.36 (KHTML, like Gecko) Chrome/99.0.4844.84 Safari/537.36"
::1 - - [04/Apr/2022:07:11:38 +0000] "POST /users/create-session HTTP/1.1" 302 46 "http://localhost:8000/users/sign-in" "Mozilla/5.0 (Windows NT 10.0; Win64; x64) AppleWebKit/537.36 (KHTML, like Gecko) Chrome/99.0.4844.84 Safari/537.36"
::1 - - [04/Apr/2022:07:11:39 +0000] "GET / HTTP/1.1" 200 4913 "http://localhost:8000/users/sign-in" "Mozilla/5.0 (Windows NT 10.0; Win64; x64) AppleWebKit/537.36 (KHTML, like Gecko) Chrome/99.0.4844.84 Safari/537.36"
::1 - - [04/Apr/2022:07:32:24 +0000] "GET / HTTP/1.1" 200 4670 "http://localhost:8000/users/sign-in" "Mozilla/5.0 (Windows NT 10.0; Win64; x64) AppleWebKit/537.36 (KHTML, like Gecko) Chrome/99.0.4844.84 Safari/537.36"
::1 - - [04/Apr/2022:07:32:26 +0000] "GET /users/sign-out HTTP/1.1" 302 46 "http://localhost:8000/" "Mozilla/5.0 (Windows NT 10.0; Win64; x64) AppleWebKit/537.36 (KHTML, like Gecko) Chrome/99.0.4844.84 Safari/537.36"
::1 - - [04/Apr/2022:07:32:26 +0000] "GET / HTTP/1.1" 200 3192 "http://localhost:8000/" "Mozilla/5.0 (Windows NT 10.0; Win64; x64) AppleWebKit/537.36 (KHTML, like Gecko) Chrome/99.0.4844.84 Safari/537.36"
::1 - - [04/Apr/2022:07:32:29 +0000] "GET /users/sign-in HTTP/1.1" 304 - "http://localhost:8000/" "Mozilla/5.0 (Windows NT 10.0; Win64; x64) AppleWebKit/537.36 (KHTML, like Gecko) Chrome/99.0.4844.84 Safari/537.36"
::1 - - [04/Apr/2022:07:32:43 +0000] "POST /users/create-session HTTP/1.1" 302 72 "http://localhost:8000/users/sign-in" "Mozilla/5.0 (Windows NT 10.0; Win64; x64) AppleWebKit/537.36 (KHTML, like Gecko) Chrome/99.0.4844.84 Safari/537.36"
::1 - - [04/Apr/2022:07:32:43 +0000] "GET /users/sign-in HTTP/1.1" 200 1948 "http://localhost:8000/users/sign-in" "Mozilla/5.0 (Windows NT 10.0; Win64; x64) AppleWebKit/537.36 (KHTML, like Gecko) Chrome/99.0.4844.84 Safari/537.36"
::1 - - [04/Apr/2022:07:32:58 +0000] "POST /users/create-session HTTP/1.1" 302 46 "http://localhost:8000/users/sign-in" "Mozilla/5.0 (Windows NT 10.0; Win64; x64) AppleWebKit/537.36 (KHTML, like Gecko) Chrome/99.0.4844.84 Safari/537.36"
::1 - - [04/Apr/2022:07:32:58 +0000] "GET / HTTP/1.1" 200 4913 "http://localhost:8000/users/sign-in" "Mozilla/5.0 (Windows NT 10.0; Win64; x64) AppleWebKit/537.36 (KHTML, like Gecko) Chrome/99.0.4844.84 Safari/537.36"
::1 - - [04/Apr/2022:07:40:24 +0000] "GET / HTTP/1.1" 200 4670 "http://localhost:8000/users/sign-in" "Mozilla/5.0 (Windows NT 10.0; Win64; x64) AppleWebKit/537.36 (KHTML, like Gecko) Chrome/99.0.4844.84 Safari/537.36"
::1 - - [04/Apr/2022:07:40:26 +0000] "GET / HTTP/1.1" 304 - "http://localhost:8000/users/sign-in" "Mozilla/5.0 (Windows NT 10.0; Win64; x64) AppleWebKit/537.36 (KHTML, like Gecko) Chrome/99.0.4844.84 Safari/537.36"
::1 - - [04/Apr/2022:07:42:45 +0000] "GET / HTTP/1.1" 304 - "http://localhost:8000/users/sign-in" "Mozilla/5.0 (Windows NT 10.0; Win64; x64) AppleWebKit/537.36 (KHTML, like Gecko) Chrome/99.0.4844.84 Safari/537.36"
::1 - - [04/Apr/2022:08:32:31 +0000] "GET / HTTP/1.1" 304 - "http://localhost:8000/users/sign-in" "Mozilla/5.0 (Windows NT 10.0; Win64; x64) AppleWebKit/537.36 (KHTML, like Gecko) Chrome/99.0.4844.84 Safari/537.36"
::1 - - [04/Apr/2022:08:32:32 +0000] "GET / HTTP/1.1" 304 - "http://localhost:8000/users/sign-in" "Mozilla/5.0 (Windows NT 10.0; Win64; x64) AppleWebKit/537.36 (KHTML, like Gecko) Chrome/99.0.4844.84 Safari/537.36"
::1 - - [04/Apr/2022:08:32:38 +0000] "GET / HTTP/1.1" 304 - "-" "Mozilla/5.0 (Windows NT 10.0; Win64; x64) AppleWebKit/537.36 (KHTML, like Gecko) Chrome/99.0.4844.84 Safari/537.36"
::1 - - [04/Apr/2022:08:34:46 +0000] "GET / HTTP/1.1" 304 - "-" "Mozilla/5.0 (Windows NT 10.0; Win64; x64) AppleWebKit/537.36 (KHTML, like Gecko) Chrome/99.0.4844.84 Safari/537.36"
::1 - - [04/Apr/2022:08:34:47 +0000] "GET / HTTP/1.1" 304 - "-" "Mozilla/5.0 (Windows NT 10.0; Win64; x64) AppleWebKit/537.36 (KHTML, like Gecko) Chrome/99.0.4844.84 Safari/537.36"
::1 - - [04/Apr/2022:09:05:02 +0000] "GET / HTTP/1.1" 304 - "-" "Mozilla/5.0 (Windows NT 10.0; Win64; x64) AppleWebKit/537.36 (KHTML, like Gecko) Chrome/99.0.4844.84 Safari/537.36"
::1 - - [04/Apr/2022:09:09:10 +0000] "GET / HTTP/1.1" 304 - "-" "Mozilla/5.0 (Windows NT 10.0; Win64; x64) AppleWebKit/537.36 (KHTML, like Gecko) Chrome/99.0.4844.84 Safari/537.36"
::1 - - [04/Apr/2022:09:30:43 +0000] "GET / HTTP/1.1" 200 2952 "-" "Mozilla/5.0 (Windows NT 10.0; Win64; x64) AppleWebKit/537.36 (KHTML, like Gecko) Chrome/99.0.4844.84 Safari/537.36"
